<?xml version="1.0" encoding="UTF-8"?>
<!-- Generated by org.testng.reporters.JUnitXMLReporter -->
<testsuite hostname="DESKTOP-18CQLR4" ignored="0" name="Default test" tests="5" failures="0" timestamp="17 oct 2018 06:24:23 GMT" time="15.179" errors="0">
  <testcase name="addProduct" time="10.46" classname="Services.InsumoTest"/>
  <testcase name="getAll" time="1.009" classname="Services.InsumoTest"/>
  <testcase name="getWithPathParam" time="0.663" classname="Services.InsumoTest"/>
  <testcase name="getUsingQueryParam" time="0.577" classname="Services.InsumoTest"/>
  <testcase name="deleteProduct" time="0.321" classname="Services.InsumoTest"/>
</testsuite> <!-- Default test -->
