<?xml version="1.0" encoding="UTF-8"?>
<testng-results skipped="0" failed="0" ignored="0" total="5" passed="5">
  <reporter-output>
  </reporter-output>
  <suite name="Default suite" duration-ms="15179" started-at="2018-10-17T06:24:07Z" finished-at="2018-10-17T06:24:22Z">
    <groups>
    </groups>
    <test name="Default test" duration-ms="15179" started-at="2018-10-17T06:24:07Z" finished-at="2018-10-17T06:24:22Z">
      <class name="Services.InsumoTest">
        <test-method status="PASS" signature="setUp()[pri:0, instance:Services.InsumoTest@3e6fa38a]" name="setUp" is-config="true" duration-ms="1732" started-at="2018-10-17T03:24:07Z" finished-at="2018-10-17T03:24:09Z">
          <reporter-output>
          </reporter-output>
        </test-method> <!-- setUp -->
        <test-method status="PASS" signature="addProduct()[pri:0, instance:Services.InsumoTest@3e6fa38a]" name="addProduct" duration-ms="10460" started-at="2018-10-17T03:24:09Z" finished-at="2018-10-17T03:24:19Z">
          <reporter-output>
          </reporter-output>
        </test-method> <!-- addProduct -->
        <test-method status="PASS" signature="getAll()[pri:0, instance:Services.InsumoTest@3e6fa38a]" name="getAll" duration-ms="1009" started-at="2018-10-17T03:24:19Z" finished-at="2018-10-17T03:24:20Z">
          <reporter-output>
          </reporter-output>
        </test-method> <!-- getAll -->
        <test-method status="PASS" signature="setUp()[pri:0, instance:Services.InsumoTest@3e6fa38a]" name="setUp" is-config="true" duration-ms="0" started-at="2018-10-17T03:24:19Z" finished-at="2018-10-17T03:24:19Z">
          <reporter-output>
          </reporter-output>
        </test-method> <!-- setUp -->
        <test-method status="PASS" signature="setUp()[pri:0, instance:Services.InsumoTest@3e6fa38a]" name="setUp" is-config="true" duration-ms="1" started-at="2018-10-17T03:24:20Z" finished-at="2018-10-17T03:24:20Z">
          <reporter-output>
          </reporter-output>
        </test-method> <!-- setUp -->
        <test-method status="PASS" signature="getWithPathParam()[pri:0, instance:Services.InsumoTest@3e6fa38a]" name="getWithPathParam" duration-ms="663" started-at="2018-10-17T03:24:20Z" finished-at="2018-10-17T03:24:21Z">
          <reporter-output>
          </reporter-output>
        </test-method> <!-- getWithPathParam -->
        <test-method status="PASS" signature="setUp()[pri:0, instance:Services.InsumoTest@3e6fa38a]" name="setUp" is-config="true" duration-ms="0" started-at="2018-10-17T03:24:21Z" finished-at="2018-10-17T03:24:21Z">
          <reporter-output>
          </reporter-output>
        </test-method> <!-- setUp -->
        <test-method status="PASS" signature="getUsingQueryParam()[pri:0, instance:Services.InsumoTest@3e6fa38a]" name="getUsingQueryParam" duration-ms="577" started-at="2018-10-17T03:24:21Z" depends-on-methods="Services.InsumoTest.addProduct" finished-at="2018-10-17T03:24:22Z">
          <reporter-output>
          </reporter-output>
        </test-method> <!-- getUsingQueryParam -->
        <test-method status="PASS" signature="setUp()[pri:0, instance:Services.InsumoTest@3e6fa38a]" name="setUp" is-config="true" duration-ms="0" started-at="2018-10-17T03:24:22Z" finished-at="2018-10-17T03:24:22Z">
          <reporter-output>
          </reporter-output>
        </test-method> <!-- setUp -->
        <test-method status="PASS" signature="deleteProduct()[pri:0, instance:Services.InsumoTest@3e6fa38a]" name="deleteProduct" duration-ms="321" started-at="2018-10-17T03:24:22Z" depends-on-methods="Services.InsumoTest.getUsingQueryParam" finished-at="2018-10-17T03:24:22Z">
          <reporter-output>
          </reporter-output>
        </test-method> <!-- deleteProduct -->
      </class> <!-- Services.InsumoTest -->
    </test> <!-- Default test -->
  </suite> <!-- Default suite -->
</testng-results>
